<?xml version="1.0" encoding="UTF-8"?>
<!-- Generated by org.testng.reporters.JUnitReportReporter -->
<testsuite skipped="0" hostname="tOMARdHARAM" name="testcases.Basescenarios" tests="1" failures="0" timestamp="28 Nov 2018 03:30:40 GMT" time="0.126" errors="0">
  <testcase name="test" time="0.126" classname="testcases.Basescenarios"/>
</testsuite> <!-- testcases.Basescenarios -->
