<?xml version="1.0" encoding="UTF-8"?>
<!-- Generated by org.testng.reporters.JUnitReportReporter -->
<testsuite skipped="0" hostname="tOMARdHARAM" name="testcases.AddmerchantTest" tests="1" failures="0" timestamp="28 Nov 2018 03:39:36 GMT" time="0.118" errors="0">
  <testcase name="test" time="0.118" classname="testcases.AddmerchantTest"/>
</testsuite> <!-- testcases.AddmerchantTest -->
