<?xml version="1.0" encoding="UTF-8"?>
<!-- Generated by org.testng.reporters.JUnitReportReporter -->
<testsuite skipped="0" hostname="tOMARdHARAM" name="testcases.TestTest" tests="1" failures="0" timestamp="15 Nov 2018 16:46:58 GMT" time="18.964" errors="0">
  <testcase name="screenshot" time="18.964" classname="testcases.TestTest"/>
</testsuite> <!-- testcases.TestTest -->
