<?xml version="1.0" encoding="UTF-8"?>
<!-- Generated by org.testng.reporters.JUnitReportReporter -->
<testsuite skipped="0" hostname="tOMARdHARAM" name="testcases.Add_Inventory_Test" tests="1" failures="0" timestamp="10 Dec 2018 03:28:39 GMT" time="12.225" errors="0">
  <testcase name="addinventory" time="12.225" classname="testcases.Add_Inventory_Test"/>
</testsuite> <!-- testcases.Add_Inventory_Test -->
