<?xml version="1.0" encoding="UTF-8"?>
<!-- Generated by org.testng.reporters.JUnitReportReporter -->
<testsuite skipped="0" hostname="tOMARdHARAM" name="testcases.LoginEzERP" tests="1" failures="0" timestamp="04 Dec 2018 03:58:47 GMT" time="21.344" errors="0">
  <testcase name="erplogin" time="21.344" classname="testcases.LoginEzERP"/>
</testsuite> <!-- testcases.LoginEzERP -->
