<?xml version="1.0" encoding="UTF-8"?>
<!-- Generated by org.testng.reporters.JUnitReportReporter -->
<testsuite skipped="0" hostname="tOMARdHARAM" name="testcases.LoginEzERP" tests="1" failures="0" timestamp="28 Nov 2018 03:18:12 GMT" time="53.074" errors="0">
  <testcase name="erplogin" time="53.074" classname="testcases.LoginEzERP"/>
</testsuite> <!-- testcases.LoginEzERP -->
