<?xml version="1.0" encoding="UTF-8"?>
<!-- Generated by org.testng.reporters.JUnitReportReporter -->
<testsuite skipped="0" hostname="tOMARdHARAM" name="testcases.Add_Inventory_Test" tests="2" failures="0" timestamp="28 Nov 2018 03:34:16 GMT" time="9.747" errors="0">
  <testcase name="addinventory" time="9.740" classname="testcases.Add_Inventory_Test"/>
  <testcase name="test" time="0.007" classname="testcases.Add_Inventory_Test"/>
</testsuite> <!-- testcases.Add_Inventory_Test -->
