<?xml version="1.0" encoding="UTF-8"?>
<!-- Generated by org.testng.reporters.JUnitReportReporter -->
<testsuite skipped="0" hostname="tOMARdHARAM" name="implementations.TextBoxControls" tests="1" failures="0" timestamp="22 Aug 2018 18:48:34 GMT" time="30.868" errors="0">
  <testcase name="setup" time="30.868" classname="implementations.TextBoxControls"/>
</testsuite> <!-- implementations.TextBoxControls -->
