<?xml version="1.0" encoding="UTF-8"?>
<!-- Generated by org.testng.reporters.JUnitReportReporter -->
<testsuite skipped="0" hostname="tOMARdHARAM" name="testcases.Test" tests="1" failures="0" timestamp="18 Nov 2018 17:55:35 GMT" time="0.104" errors="0">
  <testcase name="test" time="0.104" classname="testcases.Test"/>
</testsuite> <!-- testcases.Test -->
