<?xml version="1.0" encoding="UTF-8"?>
<!-- Generated by org.testng.reporters.JUnitReportReporter -->
<testsuite skipped="0" hostname="tOMARdHARAM" name="automation.modularframwork.AppTest" tests="1" failures="0" timestamp="04 Dec 2018 03:24:15 GMT" time="0.112" errors="0">
  <testcase name="testApp" time="0.112" classname="automation.modularframwork.AppTest"/>
</testsuite> <!-- automation.modularframwork.AppTest -->
