<?xml version="1.0" encoding="UTF-8"?>
<!-- Generated by org.testng.reporters.JUnitReportReporter -->
<testsuite skipped="0" hostname="tOMARdHARAM" name="testcases.TestTest" tests="1" failures="0" timestamp="04 Dec 2018 03:24:14 GMT" time="10.860" errors="0">
  <testcase name="screenshot" time="10.860" classname="testcases.TestTest"/>
</testsuite> <!-- testcases.TestTest -->
