<?xml version="1.0" encoding="UTF-8"?>
<!-- Generated by org.testng.reporters.JUnitReportReporter -->
<testsuite skipped="0" hostname="tOMARdHARAM" name="implementations.NewTest" tests="1" failures="0" timestamp="04 Dec 2018 03:24:15 GMT" time="0.097" errors="0">
  <testcase name="f" time="0.097" classname="implementations.NewTest"/>
</testsuite> <!-- implementations.NewTest -->
